<?xml version="1.0" encoding="UTF-8"?>
<!-- Generated by org.testng.reporters.JUnitReportReporter -->
<testsuite hostname="Krishna-PC" failures="0" tests="4" name="testCase.TestCase1Fw" time="44.846" errors="0" timestamp="2023-04-04T13:42:10 CDT" skipped="0">
  <testcase classname="testCase.TestCase1Fw" name="LoginTest" time="13.537"/>
  <system-out/>
  <testcase classname="testCase.TestCase1Fw" name="LoginTest" time="10.059"/>
  <system-out/>
  <testcase classname="testCase.TestCase1Fw" name="LoginTest" time="10.897"/>
  <system-out/>
  <testcase classname="testCase.TestCase1Fw" name="LoginTest" time="10.353"/>
  <system-out/>
</testsuite> <!-- testCase.TestCase1Fw -->
