<?xml version="1.0" encoding="UTF-8"?>
<!-- Generated by org.testng.reporters.JUnitReportReporter -->
<testsuite hostname="Krishna-PC" failures="0" tests="4" name="testCase.TestCase1Fw" time="38.285" errors="0" timestamp="2023-04-07T22:50:13 CDT" skipped="0">
  <testcase classname="testCase.TestCase1Fw" name="LoginTest" time="11.162"/>
  <system-out/>
  <testcase classname="testCase.TestCase1Fw" name="LoginTest" time="8.982"/>
  <system-out/>
  <testcase classname="testCase.TestCase1Fw" name="LoginTest" time="8.870"/>
  <system-out/>
  <testcase classname="testCase.TestCase1Fw" name="LoginTest" time="9.271"/>
  <system-out/>
</testsuite> <!-- testCase.TestCase1Fw -->
