<?xml version="1.0" encoding="UTF-8"?>
<!-- Generated by org.testng.reporters.JUnitReportReporter -->
<testsuite hostname="Krishna-PC" failures="0" tests="1" name="testCase.TestCase1Fw" time="6.574" errors="0" timestamp="2023-03-29T14:58:26 CDT" skipped="0">
  <testcase classname="testCase.TestCase1Fw" name="LoginTest" time="6.574"/>
  <system-out/>
</testsuite> <!-- testCase.TestCase1Fw -->
